<?xml version="1.0" encoding="UTF-8"?>
<!-- Generated by org.testng.reporters.JUnitReportReporter -->
<testsuite name="com.qa.makemytrip.test.HomePageTest" tests="1" time="15.150" ignored="0" failures="0" timestamp="17 Aug 2019 07:42:17 GMT" skipped="0" hostname="IN1WXL-522493" errors="0">
  <testcase name="searchFlightTest" time="15.150" classname="com.qa.makemytrip.test.HomePageTest"/>
</testsuite> <!-- com.qa.makemytrip.test.HomePageTest -->
