<?xml version="1.0" encoding="UTF-8"?>
<!-- Generated by org.testng.reporters.JUnitReportReporter -->
<testsuite name="com.qa.makemytrip.test.FlightDetailsPageTest" tests="1" time="42.092" ignored="3" failures="0" timestamp="19 Aug 2019 12:00:26 GMT" skipped="0" hostname="IN1WXL-522493" errors="0">
  <testcase name="FlightCountWithoutSelectingAnyStopOptionsTest" time="42.092" classname="com.qa.makemytrip.test.FlightDetailsPageTest"/>
  <testcase name="DepAndReturnFlightFareTest" classname="com.qa.makemytrip.test.FlightDetailsPageTest">
    <skipped/>
  </testcase> <!-- DepAndReturnFlightFareTest -->
  <testcase name="FlightCountBySelectingNonStopOptionTest" classname="com.qa.makemytrip.test.FlightDetailsPageTest">
    <skipped/>
  </testcase> <!-- FlightCountBySelectingNonStopOptionTest -->
  <testcase name="FlightCountBySelectingOneStopOptionTest" classname="com.qa.makemytrip.test.FlightDetailsPageTest">
    <skipped/>
  </testcase> <!-- FlightCountBySelectingOneStopOptionTest -->
</testsuite> <!-- com.qa.makemytrip.test.FlightDetailsPageTest -->
